2025-02-17 07:31:38 [main] INFO  c.l.app.SpringLoggingAppApplication - Starting SpringLoggingAppApplication using Java 21.0.4 with PID 3111595 (/home/aa100418/gitrama/microservice-aws-training/Day21/spring-logging-app/target/classes started by aa100418 in /home/aa100418/gitrama/microservice-aws-training/Day21/spring-logging-app)
2025-02-17 07:31:38 [main] DEBUG c.l.app.SpringLoggingAppApplication - Running with Spring Boot v3.4.2, Spring v6.2.2
2025-02-17 07:31:38 [main] INFO  c.l.app.SpringLoggingAppApplication - No active profile set, falling back to 1 default profile: "default"
2025-02-17 07:31:39 [main] INFO  o.s.b.w.e.tomcat.TomcatWebServer - Tomcat initialized with port 8081 (http)
2025-02-17 07:31:39 [main] INFO  o.a.catalina.core.StandardService - Starting service [Tomcat]
2025-02-17 07:31:39 [main] INFO  o.a.catalina.core.StandardEngine - Starting Servlet engine: [Apache Tomcat/10.1.34]
2025-02-17 07:31:39 [main] INFO  o.a.c.c.C.[Tomcat].[localhost].[/] - Initializing Spring embedded WebApplicationContext
2025-02-17 07:31:39 [main] INFO  o.s.b.w.s.c.ServletWebServerApplicationContext - Root WebApplicationContext: initialization completed in 560 ms
2025-02-17 07:31:39 [main] INFO  o.s.b.a.e.web.EndpointLinksResolver - Exposing 1 endpoint beneath base path '/actuator'
2025-02-17 07:31:39 [main] INFO  o.s.b.w.e.tomcat.TomcatWebServer - Tomcat started on port 8081 (http) with context path '/'
2025-02-17 07:31:39 [main] INFO  c.l.app.SpringLoggingAppApplication - Started SpringLoggingAppApplication in 1.075 seconds (process running for 1.22)
2025-02-17 07:31:42 [http-nio-8081-exec-1] INFO  o.a.c.c.C.[Tomcat].[localhost].[/] - Initializing Spring DispatcherServlet 'dispatcherServlet'
2025-02-17 07:31:42 [http-nio-8081-exec-1] INFO  o.s.web.servlet.DispatcherServlet - Initializing Servlet 'dispatcherServlet'
2025-02-17 07:31:42 [http-nio-8081-exec-1] INFO  o.s.web.servlet.DispatcherServlet - Completed initialization in 1 ms
2025-02-17 07:31:42 [http-nio-8081-exec-1] DEBUG c.l.app.controller.LogController - Receive rquest for log Data
2025-02-17 07:31:42 [http-nio-8081-exec-1] TRACE c.logging.app.service.LoggingService - TRACE Level Log
2025-02-17 07:31:42 [http-nio-8081-exec-1] DEBUG c.logging.app.service.LoggingService - DEBUG Level Log
2025-02-17 07:31:42 [http-nio-8081-exec-1] INFO  c.logging.app.service.LoggingService - INFO Level Log
2025-02-17 07:31:42 [http-nio-8081-exec-1] WARN  c.logging.app.service.LoggingService - WARN Level Log
2025-02-17 07:31:42 [http-nio-8081-exec-1] ERROR c.logging.app.service.LoggingService - ERROR Level Log
2025-02-17 07:31:43 [http-nio-8081-exec-3] DEBUG c.l.app.controller.LogController - Receive rquest for log Data
2025-02-17 07:31:43 [http-nio-8081-exec-3] TRACE c.logging.app.service.LoggingService - TRACE Level Log
2025-02-17 07:31:43 [http-nio-8081-exec-3] DEBUG c.logging.app.service.LoggingService - DEBUG Level Log
2025-02-17 07:31:43 [http-nio-8081-exec-3] INFO  c.logging.app.service.LoggingService - INFO Level Log
2025-02-17 07:31:43 [http-nio-8081-exec-3] WARN  c.logging.app.service.LoggingService - WARN Level Log
2025-02-17 07:31:43 [http-nio-8081-exec-3] ERROR c.logging.app.service.LoggingService - ERROR Level Log
2025-02-17 07:31:45 [http-nio-8081-exec-4] DEBUG c.l.app.controller.LogController - Receive rquest for log Data
2025-02-17 07:31:45 [http-nio-8081-exec-4] TRACE c.logging.app.service.LoggingService - TRACE Level Log
2025-02-17 07:31:45 [http-nio-8081-exec-4] DEBUG c.logging.app.service.LoggingService - DEBUG Level Log
2025-02-17 07:31:45 [http-nio-8081-exec-4] INFO  c.logging.app.service.LoggingService - INFO Level Log
2025-02-17 07:31:45 [http-nio-8081-exec-4] WARN  c.logging.app.service.LoggingService - WARN Level Log
2025-02-17 07:31:45 [http-nio-8081-exec-4] ERROR c.logging.app.service.LoggingService - ERROR Level Log
2025-02-17 07:31:46 [http-nio-8081-exec-5] DEBUG c.l.app.controller.LogController - Receive rquest for log Data
2025-02-17 07:31:46 [http-nio-8081-exec-5] TRACE c.logging.app.service.LoggingService - TRACE Level Log
2025-02-17 07:31:46 [http-nio-8081-exec-5] DEBUG c.logging.app.service.LoggingService - DEBUG Level Log
2025-02-17 07:31:46 [http-nio-8081-exec-5] INFO  c.logging.app.service.LoggingService - INFO Level Log
2025-02-17 07:31:46 [http-nio-8081-exec-5] WARN  c.logging.app.service.LoggingService - WARN Level Log
2025-02-17 07:31:46 [http-nio-8081-exec-5] ERROR c.logging.app.service.LoggingService - ERROR Level Log
2025-02-17 07:31:46 [http-nio-8081-exec-6] DEBUG c.l.app.controller.LogController - Receive rquest for log Data
2025-02-17 07:31:46 [http-nio-8081-exec-6] TRACE c.logging.app.service.LoggingService - TRACE Level Log
2025-02-17 07:31:46 [http-nio-8081-exec-6] DEBUG c.logging.app.service.LoggingService - DEBUG Level Log
2025-02-17 07:31:46 [http-nio-8081-exec-6] INFO  c.logging.app.service.LoggingService - INFO Level Log
2025-02-17 07:31:46 [http-nio-8081-exec-6] WARN  c.logging.app.service.LoggingService - WARN Level Log
2025-02-17 07:31:46 [http-nio-8081-exec-6] ERROR c.logging.app.service.LoggingService - ERROR Level Log
2025-02-17 07:31:48 [http-nio-8081-exec-7] DEBUG c.l.app.controller.LogController - Receive rquest for log Data
2025-02-17 07:31:48 [http-nio-8081-exec-7] TRACE c.logging.app.service.LoggingService - TRACE Level Log
2025-02-17 07:31:48 [http-nio-8081-exec-7] DEBUG c.logging.app.service.LoggingService - DEBUG Level Log
2025-02-17 07:31:48 [http-nio-8081-exec-7] INFO  c.logging.app.service.LoggingService - INFO Level Log
2025-02-17 07:31:48 [http-nio-8081-exec-7] WARN  c.logging.app.service.LoggingService - WARN Level Log
2025-02-17 07:31:48 [http-nio-8081-exec-7] ERROR c.logging.app.service.LoggingService - ERROR Level Log
2025-02-17 07:31:49 [http-nio-8081-exec-9] DEBUG c.l.app.controller.LogController - Receive rquest for log Data
2025-02-17 07:31:49 [http-nio-8081-exec-9] TRACE c.logging.app.service.LoggingService - TRACE Level Log
2025-02-17 07:31:49 [http-nio-8081-exec-9] DEBUG c.logging.app.service.LoggingService - DEBUG Level Log
2025-02-17 07:31:49 [http-nio-8081-exec-9] INFO  c.logging.app.service.LoggingService - INFO Level Log
2025-02-17 07:31:49 [http-nio-8081-exec-9] WARN  c.logging.app.service.LoggingService - WARN Level Log
2025-02-17 07:31:49 [http-nio-8081-exec-9] ERROR c.logging.app.service.LoggingService - ERROR Level Log
2025-02-17 07:31:50 [http-nio-8081-exec-8] DEBUG c.l.app.controller.LogController - Receive rquest for log Data
2025-02-17 07:31:50 [http-nio-8081-exec-8] TRACE c.logging.app.service.LoggingService - TRACE Level Log
2025-02-17 07:31:50 [http-nio-8081-exec-8] DEBUG c.logging.app.service.LoggingService - DEBUG Level Log
2025-02-17 07:31:50 [http-nio-8081-exec-8] INFO  c.logging.app.service.LoggingService - INFO Level Log
2025-02-17 07:31:50 [http-nio-8081-exec-8] WARN  c.logging.app.service.LoggingService - WARN Level Log
2025-02-17 07:31:50 [http-nio-8081-exec-8] ERROR c.logging.app.service.LoggingService - ERROR Level Log
2025-02-17 07:31:51 [http-nio-8081-exec-10] DEBUG c.l.app.controller.LogController - Receive rquest for log Data
2025-02-17 07:31:51 [http-nio-8081-exec-10] TRACE c.logging.app.service.LoggingService - TRACE Level Log
2025-02-17 07:31:51 [http-nio-8081-exec-10] DEBUG c.logging.app.service.LoggingService - DEBUG Level Log
2025-02-17 07:31:51 [http-nio-8081-exec-10] INFO  c.logging.app.service.LoggingService - INFO Level Log
2025-02-17 07:31:51 [http-nio-8081-exec-10] WARN  c.logging.app.service.LoggingService - WARN Level Log
2025-02-17 07:31:51 [http-nio-8081-exec-10] ERROR c.logging.app.service.LoggingService - ERROR Level Log
2025-02-17 07:31:53 [http-nio-8081-exec-2] DEBUG c.l.app.controller.LogController - Receive rquest for log Data
2025-02-17 07:31:53 [http-nio-8081-exec-2] TRACE c.logging.app.service.LoggingService - TRACE Level Log
2025-02-17 07:31:53 [http-nio-8081-exec-2] DEBUG c.logging.app.service.LoggingService - DEBUG Level Log
2025-02-17 07:31:53 [http-nio-8081-exec-2] INFO  c.logging.app.service.LoggingService - INFO Level Log
2025-02-17 07:31:53 [http-nio-8081-exec-2] WARN  c.logging.app.service.LoggingService - WARN Level Log
2025-02-17 07:31:53 [http-nio-8081-exec-2] ERROR c.logging.app.service.LoggingService - ERROR Level Log
2025-02-17 07:32:08 [http-nio-8081-exec-4] DEBUG c.l.app.controller.LogController - Receive rquest for log Data
2025-02-17 07:32:08 [http-nio-8081-exec-4] TRACE c.logging.app.service.LoggingService - TRACE Level Log
2025-02-17 07:32:08 [http-nio-8081-exec-4] DEBUG c.logging.app.service.LoggingService - DEBUG Level Log
2025-02-17 07:32:08 [http-nio-8081-exec-4] INFO  c.logging.app.service.LoggingService - INFO Level Log
2025-02-17 07:32:08 [http-nio-8081-exec-4] WARN  c.logging.app.service.LoggingService - WARN Level Log
2025-02-17 07:32:08 [http-nio-8081-exec-4] ERROR c.logging.app.service.LoggingService - ERROR Level Log
2025-02-17 07:32:09 [http-nio-8081-exec-5] DEBUG c.l.app.controller.LogController - Receive rquest for log Data
2025-02-17 07:32:09 [http-nio-8081-exec-5] TRACE c.logging.app.service.LoggingService - TRACE Level Log
2025-02-17 07:32:09 [http-nio-8081-exec-5] DEBUG c.logging.app.service.LoggingService - DEBUG Level Log
2025-02-17 07:32:09 [http-nio-8081-exec-5] INFO  c.logging.app.service.LoggingService - INFO Level Log
2025-02-17 07:32:09 [http-nio-8081-exec-5] WARN  c.logging.app.service.LoggingService - WARN Level Log
2025-02-17 07:32:09 [http-nio-8081-exec-5] ERROR c.logging.app.service.LoggingService - ERROR Level Log
2025-02-17 07:32:11 [http-nio-8081-exec-6] DEBUG c.l.app.controller.LogController - Receive rquest for log Data
2025-02-17 07:32:11 [http-nio-8081-exec-6] TRACE c.logging.app.service.LoggingService - TRACE Level Log
2025-02-17 07:32:11 [http-nio-8081-exec-6] DEBUG c.logging.app.service.LoggingService - DEBUG Level Log
2025-02-17 07:32:11 [http-nio-8081-exec-6] INFO  c.logging.app.service.LoggingService - INFO Level Log
2025-02-17 07:32:11 [http-nio-8081-exec-6] WARN  c.logging.app.service.LoggingService - WARN Level Log
2025-02-17 07:32:11 [http-nio-8081-exec-6] ERROR c.logging.app.service.LoggingService - ERROR Level Log
